This is XeTeX, Version 3.14159265-2.6-0.99991 (TeX Live 2014) (preloaded format=xelatex 2014.5.25)  19 JAN 2018 06:19
entering extended mode
 restricted \write18 enabled.
 %&-line parsing enabled.
**interaction=batchmode cv.tex
(/usr/local/texlive/2014/texmf-dist/tex/latex/tools/q.tex
LaTeX2e <2014/05/01>
Babel <3.9k> and hyphenation patterns for 78 languages loaded.
File ignored
)

! LaTeX Error: Missing \begin{document}.

See the LaTeX manual or LaTeX Companion for explanation.
Type  H <return>  for immediate help.
 ...                                              
                                                  
<*> interaction=batchmode c
                           v.tex
You're in trouble here.  Try typing  <return>  to proceed.
If that doesn't work, type  X <return>  to quit.

Missing character: There is no c in font nullfont!
Missing character: There is no v in font nullfont!
Missing character: There is no . in font nullfont!
Missing character: There is no t in font nullfont!
Missing character: There is no e in font nullfont!
Missing character: There is no x in font nullfont!
! Emergency stop.
<*> interaction=batchmode cv.tex
                                
*** (job aborted, no legal \end found)

 
Here is how much of TeX's memory you used:
 8 strings out of 493734
 197 string characters out of 6146348
 52937 words of memory out of 5000000
 3428 multiletter control sequences out of 15000+600000
 3640 words of font info for 14 fonts, out of 8000000 for 9000
 1328 hyphenation exceptions out of 8191
 5i,0n,4p,108b,14s stack positions out of 5000i,500n,10000p,200000b,80000s
No pages of output.
